Removed Pin From Net: NetName=VCC Pin=-4
Removed Pin From Net: NetName=GND Pin=-17
Added Pin To Net: NetName=GND Pin=C1-2
Added Pin To Net: NetName=GND Pin=C2-2
Added Pin To Net: NetName=GND Pin=C6-1
Change Net Name : Old Net Name=NetC24_1 New Net Name=Net_7
Change Net Name : Old Net Name=NetD1_1 New Net Name=Net_1
Change Net Name : Old Net Name=NetD1_2 New Net Name=Net_2
Change Net Name : Old Net Name=NetD2_1 New Net Name=Net_1
Change Net Name : Old Net Name=NetD2_2 New Net Name=Net_2
Change Net Name : Old Net Name=NetD5_1 New Net Name=Net_45
Change Net Name : Old Net Name=NetD5_3 New Net Name=Net_44
Change Net Name : Old Net Name=NetD7_2 New Net Name=Net_42
Change Net Name : Old Net Name=NetJ1_1 New Net Name=Net_51
Change Net Name : Old Net Name=NetJ1_2 New Net Name=Net_52
Change Net Name : Old Net Name=NetJ1_3 New Net Name=Net_54
Change Net Name : Old Net Name=NetJ1_5 New Net Name=Net_53
Change Net Name : Old Net Name=NetJ1_7 New Net Name=Net_39
Change Net Name : Old Net Name=NetJ1_8 New Net Name=Net_40
Change Net Name : Old Net Name=NetJ2_2 New Net Name=Net_49
Change Net Name : Old Net Name=NetJ2_4 New Net Name=Net_46
Change Net Name : Old Net Name=NetJ2_6 New Net Name=Net_55
Change Net Name : Old Net Name=NetR1_1 New Net Name=Net_1
Change Net Name : Old Net Name=NetR2_1 New Net Name=Net_1
Change Net Name : Old Net Name=NetR3_1 New Net Name=Net_1
Change Net Name : Old Net Name=NetR4_2 New Net Name=Net_1
Change Net Name : Old Net Name=NetR7_1 New Net Name=Net_1
Change Net Name : Old Net Name=NetR15_1 New Net Name=Net_60
Add Differential Pair: Number of nets in differential pair Net_44 is 1 instead of 2
Add Differential Pair: Number of nets in differential pair Net_45 is 1 instead of 2
Added Member To Class: ClassName=ALIMENTACION Member=Component  1.5k
Added Member To Class: ClassName=ALIMENTACION Member=Component  MCP1703AT-3302E/MB
Added Member To Class: ClassName=ALIMENTACION Member=Component  LSM0603453V
Added Member To Class: ClassName=ALIMENTACION Member=Component  LSM0603453V
Added Member To Class: ClassName=ALIMENTACION Member=Component  BQ24232HA
Added Member To Class: ClassName=ALIMENTACION Member=Component  3.3k
Added Member To Class: ClassName=ALIMENTACION Member=Component  4.7uF
Added Member To Class: ClassName=ALIMENTACION Member=Component  3.3k
Added Member To Class: ClassName=ALIMENTACION Member=Component  3.3k
Added Member To Class: ClassName=ALIMENTACION Member=Component  1uF
Added Member To Class: ClassName=ALIMENTACION Member=Component  10k
Added Member To Class: ClassName=ALIMENTACION Member=Component  1.5k
Added Member To Class: ClassName=ALIMENTACION Member=Component  3.3k
Added Member To Class: ClassName=ALIMENTACION Member=Component C1 1uF
Added Member To Class: ClassName=ALIMENTACION Member=Component C2 1uF
Added Member To Class: ClassName=ALIMENTACION Member=Component C6 4.7uF
Added Member To Class: ClassName=CONECTORES Member=Component D6 CD0603-B0240R
Added Member To Class: ClassName=CONECTORES Member=Component D7 CD0603-B0240R
Added Room: Name=CONTROL
Added Room: Name=SENSORES
