Removed Pin From Net: NetName=GND Pin=C12-1
Removed Pin From Net: NetName=+3.3V Pin=C12-2
Removed Pin From Net: NetName=VCC Pin=U2-4
Removed Pin From Net: NetName=GND Pin=U4-1
Removed Pin From Net: NetName=+3.3V Pin=U4-2
Removed Pin From Net: NetName=NetR13_2 Pin=U4-4
Removed Pin From Net: NetName=GND Pin=U4-5
Removed Pin From Net: NetName=+3.3V Pin=U4-6
Removed Pin From Net: NetName=GND Pin=U4-7
Removed Pin From Net: NetName=+3.3V Pin=U4-8
Added Component: Designator=U4(LGA8_BME680_BOS)
Add component (AddParameter): Name = "Copyright"; Value = "Copyright (C) 2025 Ultra Librarian. All rights reserved."; VariantName = "[No Variations]"
Add component (AddParameter): Name = "Manufacturer_Name"; Value = "Bosch Sensortec"; VariantName = "[No Variations]"
Add component (AddParameter): Name = "Manufacturer_Part_Number"; Value = "BME680"; VariantName = "[No Variations]"
Add component (AddParameter): Name = "RefDes"; Value = "RefDes"; VariantName = "[No Variations]"
Add component (AddParameter): Name = "Type"; Value = "Type"; VariantName = "[No Variations]"
Added Pin To Net: NetName=+3.3V Pin=C12-1
Added Pin To Net: NetName=GND Pin=C12-2
Added Pin To Net: NetName=GND Pin=U4-1
Added Pin To Net: NetName=+3.3V Pin=U4-2
Added Pin To Net: NetName=NetR13_2 Pin=U4-4
Added Pin To Net: NetName=GND Pin=U4-5
Added Pin To Net: NetName=+3.3V Pin=U4-6
Added Pin To Net: NetName=GND Pin=U4-7
Added Pin To Net: NetName=+3.3V Pin=U4-8
Add Net: Net with name "NetD1_1" already exists
Add Net: Net with name "NetD2_2" already exists
Added Pin To Net: NetName=NetR14_2 Pin=R14-2
Added Pin To Net: NetName=NetR14_2 Pin=U4-3
Added Net: Name=NetR14_2
Add Differential Pair: Number of nets in differential pair NetD1_1 is 1 instead of 2
Add Differential Pair: Number of nets in differential pair NetD1_3 is 1 instead of 2
Added Room: Name=CONTROL
Added Room: Name=SENSORES
