Change Component Designator: OldDesignator=D1 NewDesignator=D5
Change Component Designator: OldDesignator=D2 NewDesignator=D7
Change Component Designator: OldDesignator=D? NewDesignator=D6
Change Component Designator: OldDesignator=J? NewDesignator=J9
Change Net Name : Old Net Name=NetD1_3 New Net Name=NetD5_3
Change Net Name : Old Net Name=NetD1_4 New Net Name=NetD5_4
Change Net Name : Old Net Name=NetD1_6 New Net Name=NetD5_6
Change Net Name : Old Net Name=NetD2_2 New Net Name=NetD7_2
Change Net Name : Old Net Name=NetD?_2 New Net Name=NetD6_2
Added Pin To Net: NetName=NetD2_2 Pin=D2-2
Added Pin To Net: NetName=NetD2_2 Pin=R5-2
Added Net: Name=NetD2_2
Added Pin To Net: NetName=NetD5_1 Pin=D5-1
Added Pin To Net: NetName=NetD5_1 Pin=U100-45
Added Net: Name=NetD5_1
Add Differential Pair: Number of nets in differential pair NetD5_1 is 1 instead of 2
Add Differential Pair: Number of nets in differential pair NetD5_3 is 1 instead of 2
Added Member To Class: ClassName=SENSORES Member=Component U4 BME680
Added Room: Name=CONTROL
Added Room: Name=SENSORES
