Removed Member From Class: ClassName=CONTROL Member=
Change Component Designator: OldDesignator= NewDesignator=C3
Change Component Designator: OldDesignator= NewDesignator=C4
Change Component Designator: OldDesignator= NewDesignator=C5
Change Component Designator: OldDesignator= NewDesignator=D1
Change Component Designator: OldDesignator= NewDesignator=D2
Change Component Designator: OldDesignator= NewDesignator=R1
Change Component Designator: OldDesignator= NewDesignator=R2
Change Component Designator: OldDesignator= NewDesignator=R3
Change Component Designator: OldDesignator= NewDesignator=R4
Change Component Designator: OldDesignator= NewDesignator=R5
Change Component Designator: OldDesignator= NewDesignator=R6
Change Component Designator: OldDesignator= NewDesignator=R7
Change Component Designator: OldDesignator= NewDesignator=U1
Change Component Designator: OldDesignator= NewDesignator=U2
Change Component Designator: OldDesignator= NewDesignator=U100
Change Net Name : Old Net Name=Net_1 New Net Name=NetD1_1
Change Net Name : Old Net Name=Net_1 New Net Name=NetD2_1
Change Net Name : Old Net Name=Net_1 New Net Name=NetR1_2
Change Net Name : Old Net Name=Net_1 New Net Name=NetR2_1
Change Net Name : Old Net Name=Net_1 New Net Name=NetR3_1
Change Net Name : Old Net Name=Net_1 New Net Name=NetR4_1
Change Net Name : Old Net Name=Net_1 New Net Name=NetR5_1
Change Net Name : Old Net Name=Net_2 New Net Name=NetD1_2
Change Net Name : Old Net Name=Net_2 New Net Name=NetD2_2
Change Net Name : Old Net Name=Net_7 New Net Name=NetC24_1
Change Net Name : Old Net Name=Net_39 New Net Name=NetJ1_7
Change Net Name : Old Net Name=Net_40 New Net Name=NetJ1_8
Change Net Name : Old Net Name=Net_42 New Net Name=NetD7_2
Change Net Name : Old Net Name=Net_44 New Net Name=NetD5_3
Change Net Name : Old Net Name=Net_45 New Net Name=NetD5_1
Change Net Name : Old Net Name=Net_46 New Net Name=NetJ2_4
Change Net Name : Old Net Name=Net_49 New Net Name=NetJ2_2
Change Net Name : Old Net Name=Net_51 New Net Name=NetJ1_1
Change Net Name : Old Net Name=Net_52 New Net Name=NetJ1_2
Change Net Name : Old Net Name=Net_53 New Net Name=NetJ1_5
Change Net Name : Old Net Name=Net_54 New Net Name=NetJ1_3
Change Net Name : Old Net Name=Net_55 New Net Name=NetJ2_6
Change Net Name : Old Net Name=Net_60 New Net Name=NetR15_1
Add Differential Pair: Number of nets in differential pair NetD5_1 is 1 instead of 2
Add Differential Pair: Number of nets in differential pair NetD5_3 is 1 instead of 2
Added Member To Class: ClassName=ALIMENTACION Member=Component C3 1uF
Added Member To Class: ClassName=ALIMENTACION Member=Component C4 4.7uF
Added Member To Class: ClassName=ALIMENTACION Member=Component C5 4.7uF
Added Member To Class: ClassName=ALIMENTACION Member=Component D1 LSM0603453V
Added Member To Class: ClassName=ALIMENTACION Member=Component D2 LSM0603453V
Added Member To Class: ClassName=ALIMENTACION Member=Component R1 10k
Added Member To Class: ClassName=ALIMENTACION Member=Component R2 3.3k
Added Member To Class: ClassName=ALIMENTACION Member=Component R3 3.3k
Added Member To Class: ClassName=ALIMENTACION Member=Component R4 3.3k
Added Member To Class: ClassName=ALIMENTACION Member=Component R6 1.5k
Added Member To Class: ClassName=ALIMENTACION Member=Component R7 1.5k
Added Member To Class: ClassName=ALIMENTACION Member=Component U1 BQ24232HA
Added Member To Class: ClassName=ALIMENTACION Member=Component U2 MCP1703AT-3302E/MB
Added Member To Class: ClassName=CONTROL Member=Component U100 STM32L476RGT3
